2025-10-13 21:21:51.436 | DEBUG    | app.utils.logging_utils:configure_logging:43 - Logging configured. Path=/Users/satishvanga/Documents/Vanga/POC_2/output/app.log, level=DEBUG
2025-10-13 21:22:04.386 | INFO     | app.controllers.ui_controller:start:42 - [Flask] Uploaded video saved to /var/folders/bv/k2ssltk963x1354tz73ncnrr0000gp/T/upload_x823p61o/input.mp4
2025-10-13 21:22:18.367 | INFO     | app.services.pipeline_service:process_video:830 - [Pipeline] Processed 61 sampled frames from input.mp4 (sample_fps=1, duration=00:01:00)
2025-10-13 21:22:18.397 | INFO     | app.controllers.ui_controller:_run_job:100 - [Flask] Persisted activity assets to /Users/satishvanga/Documents/Vanga/POC_2/output/20251013_212218
2025-10-13 21:22:18.398 | INFO     | app.controllers.ui_controller:_run_job:108 - [Flask] Found 1 events
2025-10-13 21:24:35.340 | INFO     | app.controllers.ui_controller:start:42 - [Flask] Uploaded video saved to /var/folders/bv/k2ssltk963x1354tz73ncnrr0000gp/T/upload_3l35gxrr/input.mp4
2025-10-13 21:25:35.184 | INFO     | app.services.pipeline_service:process_video:830 - [Pipeline] Processed 257 sampled frames from input.mp4 (sample_fps=1, duration=00:04:16)
2025-10-13 21:25:35.278 | INFO     | app.controllers.ui_controller:_run_job:100 - [Flask] Persisted activity assets to /Users/satishvanga/Documents/Vanga/POC_2/output/20251013_212535
2025-10-13 21:25:35.278 | INFO     | app.controllers.ui_controller:_run_job:108 - [Flask] Found 2 events
2025-10-13 23:19:49.071 | DEBUG    | app.utils.logging_utils:configure_logging:43 - Logging configured. Path=/Users/satishvanga/Documents/Vanga/POC_2/output/app.log, level=DEBUG
2025-10-13 23:19:49.935 | DEBUG    | app.utils.logging_utils:configure_logging:43 - Logging configured. Path=/Users/satishvanga/Documents/Vanga/POC_2/output/app.log, level=DEBUG
2025-10-13 23:20:02.184 | INFO     | app.controllers.ui_controller:start:79 - [Flask] Uploaded video saved to /var/folders/bv/k2ssltk963x1354tz73ncnrr0000gp/T/upload_5d_jnx17/input.mp4
2025-10-13 23:20:21.423 | INFO     | app.services.pipeline_service:process_video:830 - [Pipeline] Processed 61 sampled frames from input.mp4 (sample_fps=1, duration=00:01:00)
2025-10-13 23:20:21.458 | INFO     | app.controllers.ui_controller:_run_job:141 - [Flask] Persisted activity assets to /Users/satishvanga/Documents/Vanga/POC_2/output/20251013_232021
2025-10-13 23:20:21.459 | INFO     | app.controllers.ui_controller:_run_job:149 - [Flask] Found 1 events
2025-10-14 12:59:29.570 | DEBUG    | app.utils.logging_utils:configure_logging:80 - Logging configured. Path=/Users/satishvanga/Documents/Vanga/POC_2/output/app.log, level=DEBUG
2025-10-14 12:59:30.250 | INFO     | logging:callHandlers:1762 - [31m[1mWARNING: This is a development server. Do not use it in a production deployment. Use a production WSGI server instead.[0m
 * Running on all addresses (0.0.0.0)
 * Running on http://127.0.0.1:5000
 * Running on http://172.9.28.189:5000
2025-10-14 12:59:30.250 | INFO     | logging:callHandlers:1762 - [33mPress CTRL+C to quit[0m
2025-10-14 12:59:30.251 | INFO     | logging:callHandlers:1762 -  * Restarting with stat
2025-10-14 12:59:30.525 | DEBUG    | app.utils.logging_utils:configure_logging:80 - Logging configured. Path=/Users/satishvanga/Documents/Vanga/POC_2/output/app.log, level=DEBUG
2025-10-14 12:59:30.542 | WARNING  | logging:callHandlers:1762 -  * Debugger is active!
2025-10-14 12:59:30.549 | INFO     | logging:callHandlers:1762 -  * Debugger PIN: 997-320-549
2025-10-14 12:59:39.368 | INFO     | logging:callHandlers:1762 - 172.9.28.189 - - [14/Oct/2025 12:59:39] "GET / HTTP/1.1" 200 -
2025-10-14 12:59:39.530 | INFO     | logging:callHandlers:1762 - 172.9.28.189 - - [14/Oct/2025 12:59:39] "[36mGET /static/image.png HTTP/1.1[0m" 304 -
2025-10-14 12:59:39.626 | INFO     | logging:callHandlers:1762 - 172.9.28.189 - - [14/Oct/2025 12:59:39] "[33mGET /favicon.ico HTTP/1.1[0m" 404 -
2025-10-14 12:59:50.363 | INFO     | app.controllers.ui_controller:start:101 - [Flask] Uploaded video saved to /var/folders/bv/k2ssltk963x1354tz73ncnrr0000gp/T/upload_wi8g6lk5/input.mp4
2025-10-14 12:59:50.405 | INFO     | app.controllers.ui_controller:_run_job:128 - [Flask] _run_job start jid=6ec97ee227f54904aa6f1501cec3b068, has_state=True
2025-10-14 12:59:50.405 | INFO     | app.controllers.ui_controller:start:201 - [Flask] Started background job thread for 6ec97ee227f54904aa6f1501cec3b068, ident=6341865472
2025-10-14 12:59:50.406 | INFO     | logging:callHandlers:1762 - 172.9.28.189 - - [14/Oct/2025 12:59:50] "[32mPOST /start HTTP/1.1[0m" 302 -
2025-10-14 12:59:50.408 | DEBUG    | app.services:<module>:6 - [app.services] package loaded
2025-10-14 12:59:50.412 | INFO     | logging:callHandlers:1762 - 172.9.28.189 - - [14/Oct/2025 12:59:50] "GET /job/6ec97ee227f54904aa6f1501cec3b068 HTTP/1.1" 200 -
2025-10-14 12:59:50.420 | INFO     | logging:callHandlers:1762 - 172.9.28.189 - - [14/Oct/2025 12:59:50] "GET /progress/6ec97ee227f54904aa6f1501cec3b068 HTTP/1.1" 200 -
2025-10-14 12:59:51.311 | DEBUG    | app.services.yolo_service:<module>:47 - [app.services.yolo_service] module loaded
2025-10-14 12:59:51.436 | INFO     | logging:callHandlers:1762 - 172.9.28.189 - - [14/Oct/2025 12:59:51] "GET /progress/6ec97ee227f54904aa6f1501cec3b068 HTTP/1.1" 200 -
2025-10-14 12:59:51.486 | DEBUG    | logging:callHandlers:1762 - matplotlib data path: /Users/satishvanga/Documents/Vanga/.venv/lib/python3.12/site-packages/matplotlib/mpl-data
2025-10-14 12:59:51.489 | DEBUG    | logging:callHandlers:1762 - CONFIGDIR=/Users/satishvanga/.matplotlib
2025-10-14 12:59:51.490 | DEBUG    | logging:callHandlers:1762 - interactive is False
2025-10-14 12:59:51.490 | DEBUG    | logging:callHandlers:1762 - platform is darwin
2025-10-14 12:59:51.516 | DEBUG    | logging:callHandlers:1762 - CACHEDIR=/Users/satishvanga/.matplotlib
2025-10-14 12:59:51.517 | DEBUG    | logging:callHandlers:1762 - Using fontManager instance from /Users/satishvanga/.matplotlib/fontlist-v390.json
2025-10-14 12:59:53.006 | INFO     | logging:callHandlers:1762 - 172.9.28.189 - - [14/Oct/2025 12:59:53] "GET /progress/6ec97ee227f54904aa6f1501cec3b068 HTTP/1.1" 200 -
2025-10-14 12:59:53.821 | DEBUG    | logging:callHandlers:1762 - Falling back to TensorFlow client; we recommended you install the Cloud TPU client directly with pip install cloud-tpu-client.
2025-10-14 12:59:54.015 | INFO     | logging:callHandlers:1762 - 172.9.28.189 - - [14/Oct/2025 12:59:54] "GET /progress/6ec97ee227f54904aa6f1501cec3b068 HTTP/1.1" 200 -
2025-10-14 12:59:54.217 | DEBUG    | logging:callHandlers:1762 - Creating converter from 7 to 5
2025-10-14 12:59:54.217 | DEBUG    | logging:callHandlers:1762 - Creating converter from 5 to 7
2025-10-14 12:59:54.217 | DEBUG    | logging:callHandlers:1762 - Creating converter from 7 to 5
2025-10-14 12:59:54.218 | DEBUG    | logging:callHandlers:1762 - Creating converter from 5 to 7
2025-10-14 12:59:54.901 | DEBUG    | logging:callHandlers:1762 - etils.epath was not found. Using pathlib for file I/O.
2025-10-14 12:59:55.059 | INFO     | logging:callHandlers:1762 - 172.9.28.189 - - [14/Oct/2025 12:59:55] "GET /progress/6ec97ee227f54904aa6f1501cec3b068 HTTP/1.1" 200 -
2025-10-14 12:59:55.536 | DEBUG    | app.services.mediapipe_service:<module>:35 - [app.services.mediapipe_service] module loaded
2025-10-14 12:59:56.846 | DEBUG    | app.utils.ocr_utils:<module>:60 - [app.utils.ocr_utils] module loaded
2025-10-14 12:59:56.847 | DEBUG    | app.utils.geometry:<module>:87 - [app.utils.geometry] module loaded
2025-10-14 12:59:56.849 | DEBUG    | app.utils.phone_logic:<module>:112 - [app.utils.phone_logic] module loaded
2025-10-14 12:59:56.850 | DEBUG    | app.services.antenna_refiner:<module>:144 - [app.services.antenna_refiner] module loaded
2025-10-14 12:59:56.851 | DEBUG    | app.utils.annotate:<module>:38 - [app.utils.annotate] module loaded
2025-10-14 12:59:56.854 | DEBUG    | app.utils.trackers:<module>:145 - [app.utils.trackers] module loaded
2025-10-14 12:59:56.855 | DEBUG    | app.utils.eye_metrics:<module>:90 - [app.utils.eye_metrics] module loaded
2025-10-14 12:59:56.859 | DEBUG    | app.utils.filters:<module>:29 - [app.utils.filters] module loaded
2025-10-14 12:59:56.861 | DEBUG    | app.utils.sleep_decision:<module>:492 - [app.utils.sleep_decision] module loaded
2025-10-14 12:59:56.863 | DEBUG    | app.utils.flag_utils:<module>:66 - [app.utils.flag_utils] module loaded
2025-10-14 12:59:56.864 | DEBUG    | app.utils.window_utils:<module>:48 - [app.utils.window_utils] module loaded
2025-10-14 12:59:56.866 | INFO     | app.controllers.ui_controller:_run_job:132 - [Flask] ActivityPipeline import OK
2025-10-14 12:59:56.962 | DEBUG    | app.services.yolo_service:__init__:15 - [YoloService] model loaded from yolov8l.pt, conf=0.25, iou=0.45
2025-10-14 12:59:57.078 | INFO     | logging:callHandlers:1762 - 172.9.28.189 - - [14/Oct/2025 12:59:57] "GET /progress/6ec97ee227f54904aa6f1501cec3b068 HTTP/1.1" 200 -
2025-10-14 12:59:57.088 | DEBUG    | app.services.mediapipe_service:__init__:18 - [MediaPipeService] initialized
2025-10-14 12:59:57.182 | DEBUG    | app.services.antenna_refiner:__init__:48 - [AntennaRefiner] YOLO model initialized for antenna detection
2025-10-14 12:59:57.234 | DEBUG    | app.utils.trackers:__init__:14 - [SimpleTracker] created thresh=0.3, ttl=30.0
2025-10-14 12:59:57.235 | DEBUG    | app.utils.trackers:__init__:69 - [SleepTracker] thresholds eye=0.18, head=100.0, min_dur=10.0
2025-10-14 12:59:57.235 | DEBUG    | app.utils.sleep_decision:__init__:69 - [SleepDecisionMachineV2] initialized
2025-10-14 12:59:57.235 | DEBUG    | app.utils.sleep_decision:__init__:478 - [SleepDecisionMachine] adapter initialized
2025-10-14 12:59:57.251 | DEBUG    | app.controllers.ui_controller:_progress:153 - [Flask] progress jid=6ec97ee227f54904aa6f1501cec3b068 0/61
2025-10-14 12:59:57.267 | DEBUG    | app.utils.video_utils:sample_video_frames:17 - [video_utils] open /var/folders/bv/k2ssltk963x1354tz73ncnrr0000gp/T/upload_wi8g6lk5/input.mp4, fps=30.01, step=30
2025-10-14 12:59:57.694 | DEBUG    | app.utils.filters:__init__:11 - [Ewma] created alpha=0.5
2025-10-14 12:59:57.694 | DEBUG    | app.utils.filters:__init__:11 - [Ewma] created alpha=0.5
2025-10-14 12:59:57.694 | DEBUG    | app.utils.filters:__init__:11 - [Ewma] created alpha=0.5
2025-10-14 12:59:57.701 | DEBUG    | app.utils.debug_overlay:save_debug_overlay:40 - [debug_overlay] saved /var/folders/bv/k2ssltk963x1354tz73ncnrr0000gp/T/upload_wi8g6lk5/output/debug/frame_000000_0.00s_debug.jpg
2025-10-14 12:59:57.702 | DEBUG    | app.controllers.ui_controller:_progress:153 - [Flask] progress jid=6ec97ee227f54904aa6f1501cec3b068 1/61
2025-10-14 12:59:57.972 | DEBUG    | app.utils.debug_overlay:save_debug_overlay:40 - [debug_overlay] saved /var/folders/bv/k2ssltk963x1354tz73ncnrr0000gp/T/upload_wi8g6lk5/output/debug/frame_000001_1.00s_debug.jpg
2025-10-14 12:59:57.973 | DEBUG    | app.controllers.ui_controller:_progress:153 - [Flask] progress jid=6ec97ee227f54904aa6f1501cec3b068 2/61
2025-10-14 12:59:58.249 | DEBUG    | app.utils.debug_overlay:save_debug_overlay:40 - [debug_overlay] saved /var/folders/bv/k2ssltk963x1354tz73ncnrr0000gp/T/upload_wi8g6lk5/output/debug/frame_000002_2.00s_debug.jpg
2025-10-14 12:59:58.249 | DEBUG    | app.controllers.ui_controller:_progress:153 - [Flask] progress jid=6ec97ee227f54904aa6f1501cec3b068 3/61
2025-10-14 12:59:58.696 | DEBUG    | app.utils.debug_overlay:save_debug_overlay:40 - [debug_overlay] saved /var/folders/bv/k2ssltk963x1354tz73ncnrr0000gp/T/upload_wi8g6lk5/output/debug/frame_000003_3.00s_debug.jpg
2025-10-14 12:59:58.697 | DEBUG    | app.controllers.ui_controller:_progress:153 - [Flask] progress jid=6ec97ee227f54904aa6f1501cec3b068 4/61
2025-10-14 12:59:58.979 | DEBUG    | app.utils.debug_overlay:save_debug_overlay:40 - [debug_overlay] saved /var/folders/bv/k2ssltk963x1354tz73ncnrr0000gp/T/upload_wi8g6lk5/output/debug/frame_000004_4.00s_debug.jpg
2025-10-14 12:59:58.981 | DEBUG    | app.utils.annotate:annotate_and_save:34 - [annotate] saved frame_000004_4.00s_activity.jpg to /var/folders/bv/k2ssltk963x1354tz73ncnrr0000gp/T/upload_wi8g6lk5/output
2025-10-14 12:59:59.041 | INFO     | logging:callHandlers:1762 - 172.9.28.189 - - [14/Oct/2025 12:59:59] "GET /progress/6ec97ee227f54904aa6f1501cec3b068 HTTP/1.1" 200 -
2025-10-14 12:59:59.784 | DEBUG    | app.utils.clip_utils:extract_clip:30 - [clip_utils] ffmpeg clip created frame_000004_4.00s_activity.mp4
2025-10-14 12:59:59.786 | DEBUG    | app.controllers.ui_controller:_progress:153 - [Flask] progress jid=6ec97ee227f54904aa6f1501cec3b068 5/61
2025-10-14 13:00:00.088 | DEBUG    | app.utils.debug_overlay:save_debug_overlay:40 - [debug_overlay] saved /var/folders/bv/k2ssltk963x1354tz73ncnrr0000gp/T/upload_wi8g6lk5/output/debug/frame_000005_5.00s_debug.jpg
2025-10-14 13:00:00.090 | DEBUG    | app.utils.annotate:annotate_and_save:34 - [annotate] saved frame_000005_5.00s_activity.jpg to /var/folders/bv/k2ssltk963x1354tz73ncnrr0000gp/T/upload_wi8g6lk5/output
2025-10-14 13:00:00.091 | DEBUG    | app.controllers.ui_controller:_progress:153 - [Flask] progress jid=6ec97ee227f54904aa6f1501cec3b068 6/61
2025-10-14 13:00:00.360 | DEBUG    | app.utils.debug_overlay:save_debug_overlay:40 - [debug_overlay] saved /var/folders/bv/k2ssltk963x1354tz73ncnrr0000gp/T/upload_wi8g6lk5/output/debug/frame_000006_6.00s_debug.jpg
2025-10-14 13:00:00.363 | DEBUG    | app.utils.annotate:annotate_and_save:34 - [annotate] saved frame_000006_6.00s_activity.jpg to /var/folders/bv/k2ssltk963x1354tz73ncnrr0000gp/T/upload_wi8g6lk5/output
2025-10-14 13:00:00.364 | DEBUG    | app.controllers.ui_controller:_progress:153 - [Flask] progress jid=6ec97ee227f54904aa6f1501cec3b068 7/61
2025-10-14 13:00:00.622 | DEBUG    | app.utils.debug_overlay:save_debug_overlay:40 - [debug_overlay] saved /var/folders/bv/k2ssltk963x1354tz73ncnrr0000gp/T/upload_wi8g6lk5/output/debug/frame_000007_7.00s_debug.jpg
2025-10-14 13:00:00.624 | DEBUG    | app.utils.annotate:annotate_and_save:34 - [annotate] saved frame_000007_7.00s_activity.jpg to /var/folders/bv/k2ssltk963x1354tz73ncnrr0000gp/T/upload_wi8g6lk5/output
2025-10-14 13:00:00.625 | DEBUG    | app.controllers.ui_controller:_progress:153 - [Flask] progress jid=6ec97ee227f54904aa6f1501cec3b068 8/61
2025-10-14 13:00:00.869 | DEBUG    | app.utils.debug_overlay:save_debug_overlay:40 - [debug_overlay] saved /var/folders/bv/k2ssltk963x1354tz73ncnrr0000gp/T/upload_wi8g6lk5/output/debug/frame_000008_8.00s_debug.jpg
2025-10-14 13:00:00.871 | DEBUG    | app.utils.annotate:annotate_and_save:34 - [annotate] saved frame_000008_8.00s_activity.jpg to /var/folders/bv/k2ssltk963x1354tz73ncnrr0000gp/T/upload_wi8g6lk5/output
2025-10-14 13:00:00.872 | DEBUG    | app.controllers.ui_controller:_progress:153 - [Flask] progress jid=6ec97ee227f54904aa6f1501cec3b068 9/61
2025-10-14 13:00:01.037 | INFO     | logging:callHandlers:1762 - 172.9.28.189 - - [14/Oct/2025 13:00:01] "GET /progress/6ec97ee227f54904aa6f1501cec3b068 HTTP/1.1" 200 -
2025-10-14 13:00:01.153 | DEBUG    | app.utils.debug_overlay:save_debug_overlay:40 - [debug_overlay] saved /var/folders/bv/k2ssltk963x1354tz73ncnrr0000gp/T/upload_wi8g6lk5/output/debug/frame_000009_9.00s_debug.jpg
2025-10-14 13:00:01.155 | DEBUG    | app.utils.annotate:annotate_and_save:34 - [annotate] saved frame_000009_9.00s_activity.jpg to /var/folders/bv/k2ssltk963x1354tz73ncnrr0000gp/T/upload_wi8g6lk5/output
2025-10-14 13:00:01.156 | DEBUG    | app.controllers.ui_controller:_progress:153 - [Flask] progress jid=6ec97ee227f54904aa6f1501cec3b068 10/61
2025-10-14 13:00:01.398 | DEBUG    | app.utils.debug_overlay:save_debug_overlay:40 - [debug_overlay] saved /var/folders/bv/k2ssltk963x1354tz73ncnrr0000gp/T/upload_wi8g6lk5/output/debug/frame_000010_10.00s_debug.jpg
2025-10-14 13:00:01.401 | DEBUG    | app.utils.annotate:annotate_and_save:34 - [annotate] saved frame_000010_10.00s_activity.jpg to /var/folders/bv/k2ssltk963x1354tz73ncnrr0000gp/T/upload_wi8g6lk5/output
2025-10-14 13:00:01.401 | DEBUG    | app.controllers.ui_controller:_progress:153 - [Flask] progress jid=6ec97ee227f54904aa6f1501cec3b068 11/61
2025-10-14 13:00:01.642 | DEBUG    | app.utils.debug_overlay:save_debug_overlay:40 - [debug_overlay] saved /var/folders/bv/k2ssltk963x1354tz73ncnrr0000gp/T/upload_wi8g6lk5/output/debug/frame_000011_11.00s_debug.jpg
2025-10-14 13:00:01.644 | DEBUG    | app.utils.annotate:annotate_and_save:34 - [annotate] saved frame_000011_11.00s_activity.jpg to /var/folders/bv/k2ssltk963x1354tz73ncnrr0000gp/T/upload_wi8g6lk5/output
2025-10-14 13:00:01.645 | DEBUG    | app.controllers.ui_controller:_progress:153 - [Flask] progress jid=6ec97ee227f54904aa6f1501cec3b068 12/61
2025-10-14 13:00:01.902 | DEBUG    | app.utils.debug_overlay:save_debug_overlay:40 - [debug_overlay] saved /var/folders/bv/k2ssltk963x1354tz73ncnrr0000gp/T/upload_wi8g6lk5/output/debug/frame_000012_12.00s_debug.jpg
2025-10-14 13:00:01.904 | DEBUG    | app.utils.annotate:annotate_and_save:34 - [annotate] saved frame_000012_12.00s_activity.jpg to /var/folders/bv/k2ssltk963x1354tz73ncnrr0000gp/T/upload_wi8g6lk5/output
2025-10-14 13:00:01.905 | DEBUG    | app.controllers.ui_controller:_progress:153 - [Flask] progress jid=6ec97ee227f54904aa6f1501cec3b068 13/61
2025-10-14 13:00:02.151 | DEBUG    | app.utils.debug_overlay:save_debug_overlay:40 - [debug_overlay] saved /var/folders/bv/k2ssltk963x1354tz73ncnrr0000gp/T/upload_wi8g6lk5/output/debug/frame_000013_12.99s_debug.jpg
2025-10-14 13:00:02.153 | DEBUG    | app.utils.annotate:annotate_and_save:34 - [annotate] saved frame_000013_12.99s_activity.jpg to /var/folders/bv/k2ssltk963x1354tz73ncnrr0000gp/T/upload_wi8g6lk5/output
2025-10-14 13:00:02.153 | DEBUG    | app.controllers.ui_controller:_progress:153 - [Flask] progress jid=6ec97ee227f54904aa6f1501cec3b068 14/61
2025-10-14 13:00:02.400 | DEBUG    | app.utils.debug_overlay:save_debug_overlay:40 - [debug_overlay] saved /var/folders/bv/k2ssltk963x1354tz73ncnrr0000gp/T/upload_wi8g6lk5/output/debug/frame_000014_13.99s_debug.jpg
2025-10-14 13:00:02.402 | DEBUG    | app.utils.annotate:annotate_and_save:34 - [annotate] saved frame_000014_13.99s_activity.jpg to /var/folders/bv/k2ssltk963x1354tz73ncnrr0000gp/T/upload_wi8g6lk5/output
2025-10-14 13:00:02.403 | DEBUG    | app.controllers.ui_controller:_progress:153 - [Flask] progress jid=6ec97ee227f54904aa6f1501cec3b068 15/61
2025-10-14 13:00:02.627 | DEBUG    | app.utils.debug_overlay:save_debug_overlay:40 - [debug_overlay] saved /var/folders/bv/k2ssltk963x1354tz73ncnrr0000gp/T/upload_wi8g6lk5/output/debug/frame_000015_14.99s_debug.jpg
2025-10-14 13:00:02.630 | DEBUG    | app.utils.annotate:annotate_and_save:34 - [annotate] saved frame_000015_14.99s_activity.jpg to /var/folders/bv/k2ssltk963x1354tz73ncnrr0000gp/T/upload_wi8g6lk5/output
2025-10-14 13:00:02.630 | DEBUG    | app.controllers.ui_controller:_progress:153 - [Flask] progress jid=6ec97ee227f54904aa6f1501cec3b068 16/61
2025-10-14 13:00:02.856 | DEBUG    | app.utils.debug_overlay:save_debug_overlay:40 - [debug_overlay] saved /var/folders/bv/k2ssltk963x1354tz73ncnrr0000gp/T/upload_wi8g6lk5/output/debug/frame_000016_15.99s_debug.jpg
2025-10-14 13:00:02.858 | DEBUG    | app.utils.annotate:annotate_and_save:34 - [annotate] saved frame_000016_15.99s_activity.jpg to /var/folders/bv/k2ssltk963x1354tz73ncnrr0000gp/T/upload_wi8g6lk5/output
2025-10-14 13:00:02.859 | DEBUG    | app.controllers.ui_controller:_progress:153 - [Flask] progress jid=6ec97ee227f54904aa6f1501cec3b068 17/61
2025-10-14 13:00:03.040 | INFO     | logging:callHandlers:1762 - 172.9.28.189 - - [14/Oct/2025 13:00:03] "GET /progress/6ec97ee227f54904aa6f1501cec3b068 HTTP/1.1" 200 -
2025-10-14 13:00:03.080 | DEBUG    | app.utils.debug_overlay:save_debug_overlay:40 - [debug_overlay] saved /var/folders/bv/k2ssltk963x1354tz73ncnrr0000gp/T/upload_wi8g6lk5/output/debug/frame_000017_16.99s_debug.jpg
2025-10-14 13:00:03.081 | DEBUG    | app.utils.annotate:annotate_and_save:34 - [annotate] saved frame_000017_16.99s_activity.jpg to /var/folders/bv/k2ssltk963x1354tz73ncnrr0000gp/T/upload_wi8g6lk5/output
2025-10-14 13:00:03.082 | DEBUG    | app.controllers.ui_controller:_progress:153 - [Flask] progress jid=6ec97ee227f54904aa6f1501cec3b068 18/61
2025-10-14 13:00:03.302 | DEBUG    | app.utils.debug_overlay:save_debug_overlay:40 - [debug_overlay] saved /var/folders/bv/k2ssltk963x1354tz73ncnrr0000gp/T/upload_wi8g6lk5/output/debug/frame_000018_17.99s_debug.jpg
2025-10-14 13:00:03.304 | DEBUG    | app.utils.annotate:annotate_and_save:34 - [annotate] saved frame_000018_17.99s_activity.jpg to /var/folders/bv/k2ssltk963x1354tz73ncnrr0000gp/T/upload_wi8g6lk5/output
2025-10-14 13:00:03.305 | DEBUG    | app.controllers.ui_controller:_progress:153 - [Flask] progress jid=6ec97ee227f54904aa6f1501cec3b068 19/61
2025-10-14 13:00:03.625 | DEBUG    | app.utils.debug_overlay:save_debug_overlay:40 - [debug_overlay] saved /var/folders/bv/k2ssltk963x1354tz73ncnrr0000gp/T/upload_wi8g6lk5/output/debug/frame_000019_18.99s_debug.jpg
2025-10-14 13:00:03.627 | DEBUG    | app.utils.annotate:annotate_and_save:34 - [annotate] saved frame_000019_18.99s_activity.jpg to /var/folders/bv/k2ssltk963x1354tz73ncnrr0000gp/T/upload_wi8g6lk5/output
2025-10-14 13:00:03.628 | DEBUG    | app.controllers.ui_controller:_progress:153 - [Flask] progress jid=6ec97ee227f54904aa6f1501cec3b068 20/61
2025-10-14 13:00:03.874 | DEBUG    | app.utils.debug_overlay:save_debug_overlay:40 - [debug_overlay] saved /var/folders/bv/k2ssltk963x1354tz73ncnrr0000gp/T/upload_wi8g6lk5/output/debug/frame_000020_19.99s_debug.jpg
2025-10-14 13:00:03.876 | DEBUG    | app.utils.annotate:annotate_and_save:34 - [annotate] saved frame_000020_19.99s_activity.jpg to /var/folders/bv/k2ssltk963x1354tz73ncnrr0000gp/T/upload_wi8g6lk5/output
2025-10-14 13:00:03.876 | DEBUG    | app.controllers.ui_controller:_progress:153 - [Flask] progress jid=6ec97ee227f54904aa6f1501cec3b068 21/61
2025-10-14 13:00:04.107 | DEBUG    | app.utils.debug_overlay:save_debug_overlay:40 - [debug_overlay] saved /var/folders/bv/k2ssltk963x1354tz73ncnrr0000gp/T/upload_wi8g6lk5/output/debug/frame_000021_20.99s_debug.jpg
2025-10-14 13:00:04.109 | DEBUG    | app.utils.annotate:annotate_and_save:34 - [annotate] saved frame_000021_20.99s_activity.jpg to /var/folders/bv/k2ssltk963x1354tz73ncnrr0000gp/T/upload_wi8g6lk5/output
2025-10-14 13:00:04.109 | DEBUG    | app.controllers.ui_controller:_progress:153 - [Flask] progress jid=6ec97ee227f54904aa6f1501cec3b068 22/61
2025-10-14 13:00:04.341 | DEBUG    | app.utils.debug_overlay:save_debug_overlay:40 - [debug_overlay] saved /var/folders/bv/k2ssltk963x1354tz73ncnrr0000gp/T/upload_wi8g6lk5/output/debug/frame_000022_21.99s_debug.jpg
2025-10-14 13:00:04.343 | DEBUG    | app.utils.annotate:annotate_and_save:34 - [annotate] saved frame_000022_21.99s_activity.jpg to /var/folders/bv/k2ssltk963x1354tz73ncnrr0000gp/T/upload_wi8g6lk5/output
2025-10-14 13:00:04.344 | DEBUG    | app.controllers.ui_controller:_progress:153 - [Flask] progress jid=6ec97ee227f54904aa6f1501cec3b068 23/61
2025-10-14 13:00:04.560 | DEBUG    | app.utils.debug_overlay:save_debug_overlay:40 - [debug_overlay] saved /var/folders/bv/k2ssltk963x1354tz73ncnrr0000gp/T/upload_wi8g6lk5/output/debug/frame_000023_22.99s_debug.jpg
2025-10-14 13:00:04.561 | DEBUG    | app.utils.annotate:annotate_and_save:34 - [annotate] saved frame_000023_22.99s_activity.jpg to /var/folders/bv/k2ssltk963x1354tz73ncnrr0000gp/T/upload_wi8g6lk5/output
2025-10-14 13:00:04.562 | DEBUG    | app.controllers.ui_controller:_progress:153 - [Flask] progress jid=6ec97ee227f54904aa6f1501cec3b068 24/61
2025-10-14 13:00:04.778 | DEBUG    | app.utils.debug_overlay:save_debug_overlay:40 - [debug_overlay] saved /var/folders/bv/k2ssltk963x1354tz73ncnrr0000gp/T/upload_wi8g6lk5/output/debug/frame_000024_23.99s_debug.jpg
2025-10-14 13:00:04.780 | DEBUG    | app.utils.annotate:annotate_and_save:34 - [annotate] saved frame_000024_23.99s_activity.jpg to /var/folders/bv/k2ssltk963x1354tz73ncnrr0000gp/T/upload_wi8g6lk5/output
2025-10-14 13:00:04.781 | DEBUG    | app.controllers.ui_controller:_progress:153 - [Flask] progress jid=6ec97ee227f54904aa6f1501cec3b068 25/61
2025-10-14 13:00:04.993 | DEBUG    | app.utils.debug_overlay:save_debug_overlay:40 - [debug_overlay] saved /var/folders/bv/k2ssltk963x1354tz73ncnrr0000gp/T/upload_wi8g6lk5/output/debug/frame_000025_24.99s_debug.jpg
2025-10-14 13:00:04.995 | DEBUG    | app.utils.annotate:annotate_and_save:34 - [annotate] saved frame_000025_24.99s_activity.jpg to /var/folders/bv/k2ssltk963x1354tz73ncnrr0000gp/T/upload_wi8g6lk5/output
2025-10-14 13:00:04.995 | DEBUG    | app.controllers.ui_controller:_progress:153 - [Flask] progress jid=6ec97ee227f54904aa6f1501cec3b068 26/61
2025-10-14 13:00:05.037 | INFO     | logging:callHandlers:1762 - 172.9.28.189 - - [14/Oct/2025 13:00:05] "GET /progress/6ec97ee227f54904aa6f1501cec3b068 HTTP/1.1" 200 -
2025-10-14 13:00:05.214 | DEBUG    | app.utils.debug_overlay:save_debug_overlay:40 - [debug_overlay] saved /var/folders/bv/k2ssltk963x1354tz73ncnrr0000gp/T/upload_wi8g6lk5/output/debug/frame_000026_25.99s_debug.jpg
2025-10-14 13:00:05.216 | DEBUG    | app.utils.annotate:annotate_and_save:34 - [annotate] saved frame_000026_25.99s_activity.jpg to /var/folders/bv/k2ssltk963x1354tz73ncnrr0000gp/T/upload_wi8g6lk5/output
2025-10-14 13:00:05.217 | DEBUG    | app.controllers.ui_controller:_progress:153 - [Flask] progress jid=6ec97ee227f54904aa6f1501cec3b068 27/61
2025-10-14 13:00:05.449 | DEBUG    | app.utils.debug_overlay:save_debug_overlay:40 - [debug_overlay] saved /var/folders/bv/k2ssltk963x1354tz73ncnrr0000gp/T/upload_wi8g6lk5/output/debug/frame_000027_26.99s_debug.jpg
2025-10-14 13:00:05.450 | DEBUG    | app.utils.annotate:annotate_and_save:34 - [annotate] saved frame_000027_26.99s_activity.jpg to /var/folders/bv/k2ssltk963x1354tz73ncnrr0000gp/T/upload_wi8g6lk5/output
2025-10-14 13:00:05.451 | DEBUG    | app.controllers.ui_controller:_progress:153 - [Flask] progress jid=6ec97ee227f54904aa6f1501cec3b068 28/61
2025-10-14 13:00:05.671 | DEBUG    | app.utils.debug_overlay:save_debug_overlay:40 - [debug_overlay] saved /var/folders/bv/k2ssltk963x1354tz73ncnrr0000gp/T/upload_wi8g6lk5/output/debug/frame_000028_27.99s_debug.jpg
2025-10-14 13:00:05.673 | DEBUG    | app.utils.annotate:annotate_and_save:34 - [annotate] saved frame_000028_27.99s_activity.jpg to /var/folders/bv/k2ssltk963x1354tz73ncnrr0000gp/T/upload_wi8g6lk5/output
2025-10-14 13:00:05.674 | DEBUG    | app.controllers.ui_controller:_progress:153 - [Flask] progress jid=6ec97ee227f54904aa6f1501cec3b068 29/61
2025-10-14 13:00:05.911 | DEBUG    | app.utils.debug_overlay:save_debug_overlay:40 - [debug_overlay] saved /var/folders/bv/k2ssltk963x1354tz73ncnrr0000gp/T/upload_wi8g6lk5/output/debug/frame_000029_28.99s_debug.jpg
2025-10-14 13:00:05.913 | DEBUG    | app.utils.annotate:annotate_and_save:34 - [annotate] saved frame_000029_28.99s_activity.jpg to /var/folders/bv/k2ssltk963x1354tz73ncnrr0000gp/T/upload_wi8g6lk5/output
2025-10-14 13:00:05.914 | DEBUG    | app.controllers.ui_controller:_progress:153 - [Flask] progress jid=6ec97ee227f54904aa6f1501cec3b068 30/61
2025-10-14 13:00:06.143 | DEBUG    | app.utils.debug_overlay:save_debug_overlay:40 - [debug_overlay] saved /var/folders/bv/k2ssltk963x1354tz73ncnrr0000gp/T/upload_wi8g6lk5/output/debug/frame_000030_29.99s_debug.jpg
2025-10-14 13:00:06.145 | DEBUG    | app.utils.annotate:annotate_and_save:34 - [annotate] saved frame_000030_29.99s_activity.jpg to /var/folders/bv/k2ssltk963x1354tz73ncnrr0000gp/T/upload_wi8g6lk5/output
2025-10-14 13:00:06.145 | DEBUG    | app.controllers.ui_controller:_progress:153 - [Flask] progress jid=6ec97ee227f54904aa6f1501cec3b068 31/61
2025-10-14 13:00:06.354 | DEBUG    | app.utils.debug_overlay:save_debug_overlay:40 - [debug_overlay] saved /var/folders/bv/k2ssltk963x1354tz73ncnrr0000gp/T/upload_wi8g6lk5/output/debug/frame_000031_30.99s_debug.jpg
2025-10-14 13:00:06.356 | DEBUG    | app.utils.annotate:annotate_and_save:34 - [annotate] saved frame_000031_30.99s_activity.jpg to /var/folders/bv/k2ssltk963x1354tz73ncnrr0000gp/T/upload_wi8g6lk5/output
2025-10-14 13:00:06.356 | DEBUG    | app.controllers.ui_controller:_progress:153 - [Flask] progress jid=6ec97ee227f54904aa6f1501cec3b068 32/61
2025-10-14 13:00:06.593 | DEBUG    | app.utils.debug_overlay:save_debug_overlay:40 - [debug_overlay] saved /var/folders/bv/k2ssltk963x1354tz73ncnrr0000gp/T/upload_wi8g6lk5/output/debug/frame_000032_31.99s_debug.jpg
2025-10-14 13:00:06.595 | DEBUG    | app.utils.annotate:annotate_and_save:34 - [annotate] saved frame_000032_31.99s_activity.jpg to /var/folders/bv/k2ssltk963x1354tz73ncnrr0000gp/T/upload_wi8g6lk5/output
2025-10-14 13:00:06.595 | DEBUG    | app.controllers.ui_controller:_progress:153 - [Flask] progress jid=6ec97ee227f54904aa6f1501cec3b068 33/61
2025-10-14 13:00:06.807 | DEBUG    | app.utils.debug_overlay:save_debug_overlay:40 - [debug_overlay] saved /var/folders/bv/k2ssltk963x1354tz73ncnrr0000gp/T/upload_wi8g6lk5/output/debug/frame_000033_32.99s_debug.jpg
2025-10-14 13:00:06.809 | DEBUG    | app.utils.annotate:annotate_and_save:34 - [annotate] saved frame_000033_32.99s_activity.jpg to /var/folders/bv/k2ssltk963x1354tz73ncnrr0000gp/T/upload_wi8g6lk5/output
2025-10-14 13:00:06.809 | DEBUG    | app.controllers.ui_controller:_progress:153 - [Flask] progress jid=6ec97ee227f54904aa6f1501cec3b068 34/61
2025-10-14 13:00:07.021 | DEBUG    | app.utils.debug_overlay:save_debug_overlay:40 - [debug_overlay] saved /var/folders/bv/k2ssltk963x1354tz73ncnrr0000gp/T/upload_wi8g6lk5/output/debug/frame_000034_33.99s_debug.jpg
2025-10-14 13:00:07.023 | DEBUG    | app.utils.annotate:annotate_and_save:34 - [annotate] saved frame_000034_33.99s_activity.jpg to /var/folders/bv/k2ssltk963x1354tz73ncnrr0000gp/T/upload_wi8g6lk5/output
2025-10-14 13:00:07.023 | DEBUG    | app.controllers.ui_controller:_progress:153 - [Flask] progress jid=6ec97ee227f54904aa6f1501cec3b068 35/61
2025-10-14 13:00:07.037 | INFO     | logging:callHandlers:1762 - 172.9.28.189 - - [14/Oct/2025 13:00:07] "GET /progress/6ec97ee227f54904aa6f1501cec3b068 HTTP/1.1" 200 -
2025-10-14 13:00:07.238 | DEBUG    | app.utils.debug_overlay:save_debug_overlay:40 - [debug_overlay] saved /var/folders/bv/k2ssltk963x1354tz73ncnrr0000gp/T/upload_wi8g6lk5/output/debug/frame_000035_34.99s_debug.jpg
2025-10-14 13:00:07.240 | DEBUG    | app.utils.annotate:annotate_and_save:34 - [annotate] saved frame_000035_34.99s_activity.jpg to /var/folders/bv/k2ssltk963x1354tz73ncnrr0000gp/T/upload_wi8g6lk5/output
2025-10-14 13:00:07.240 | DEBUG    | app.controllers.ui_controller:_progress:153 - [Flask] progress jid=6ec97ee227f54904aa6f1501cec3b068 36/61
2025-10-14 13:00:07.478 | DEBUG    | app.utils.debug_overlay:save_debug_overlay:40 - [debug_overlay] saved /var/folders/bv/k2ssltk963x1354tz73ncnrr0000gp/T/upload_wi8g6lk5/output/debug/frame_000036_35.99s_debug.jpg
2025-10-14 13:00:07.480 | DEBUG    | app.utils.annotate:annotate_and_save:34 - [annotate] saved frame_000036_35.99s_activity.jpg to /var/folders/bv/k2ssltk963x1354tz73ncnrr0000gp/T/upload_wi8g6lk5/output
2025-10-14 13:00:07.480 | DEBUG    | app.controllers.ui_controller:_progress:153 - [Flask] progress jid=6ec97ee227f54904aa6f1501cec3b068 37/61
2025-10-14 13:00:07.698 | DEBUG    | app.utils.debug_overlay:save_debug_overlay:40 - [debug_overlay] saved /var/folders/bv/k2ssltk963x1354tz73ncnrr0000gp/T/upload_wi8g6lk5/output/debug/frame_000037_36.99s_debug.jpg
2025-10-14 13:00:07.700 | DEBUG    | app.utils.annotate:annotate_and_save:34 - [annotate] saved frame_000037_36.99s_activity.jpg to /var/folders/bv/k2ssltk963x1354tz73ncnrr0000gp/T/upload_wi8g6lk5/output
2025-10-14 13:00:07.701 | DEBUG    | app.controllers.ui_controller:_progress:153 - [Flask] progress jid=6ec97ee227f54904aa6f1501cec3b068 38/61
2025-10-14 13:00:07.916 | DEBUG    | app.utils.debug_overlay:save_debug_overlay:40 - [debug_overlay] saved /var/folders/bv/k2ssltk963x1354tz73ncnrr0000gp/T/upload_wi8g6lk5/output/debug/frame_000038_37.98s_debug.jpg
2025-10-14 13:00:07.918 | DEBUG    | app.utils.annotate:annotate_and_save:34 - [annotate] saved frame_000038_37.98s_activity.jpg to /var/folders/bv/k2ssltk963x1354tz73ncnrr0000gp/T/upload_wi8g6lk5/output
2025-10-14 13:00:07.919 | DEBUG    | app.controllers.ui_controller:_progress:153 - [Flask] progress jid=6ec97ee227f54904aa6f1501cec3b068 39/61
2025-10-14 13:00:08.150 | DEBUG    | app.utils.debug_overlay:save_debug_overlay:40 - [debug_overlay] saved /var/folders/bv/k2ssltk963x1354tz73ncnrr0000gp/T/upload_wi8g6lk5/output/debug/frame_000039_38.98s_debug.jpg
2025-10-14 13:00:08.151 | DEBUG    | app.utils.annotate:annotate_and_save:34 - [annotate] saved frame_000039_38.98s_activity.jpg to /var/folders/bv/k2ssltk963x1354tz73ncnrr0000gp/T/upload_wi8g6lk5/output
2025-10-14 13:00:08.152 | DEBUG    | app.controllers.ui_controller:_progress:153 - [Flask] progress jid=6ec97ee227f54904aa6f1501cec3b068 40/61
2025-10-14 13:00:08.364 | DEBUG    | app.utils.debug_overlay:save_debug_overlay:40 - [debug_overlay] saved /var/folders/bv/k2ssltk963x1354tz73ncnrr0000gp/T/upload_wi8g6lk5/output/debug/frame_000040_39.98s_debug.jpg
2025-10-14 13:00:08.366 | DEBUG    | app.utils.annotate:annotate_and_save:34 - [annotate] saved frame_000040_39.98s_activity.jpg to /var/folders/bv/k2ssltk963x1354tz73ncnrr0000gp/T/upload_wi8g6lk5/output
2025-10-14 13:00:08.366 | DEBUG    | app.controllers.ui_controller:_progress:153 - [Flask] progress jid=6ec97ee227f54904aa6f1501cec3b068 41/61
2025-10-14 13:00:08.662 | DEBUG    | app.utils.debug_overlay:save_debug_overlay:40 - [debug_overlay] saved /var/folders/bv/k2ssltk963x1354tz73ncnrr0000gp/T/upload_wi8g6lk5/output/debug/frame_000041_40.98s_debug.jpg
2025-10-14 13:00:08.664 | DEBUG    | app.utils.annotate:annotate_and_save:34 - [annotate] saved frame_000041_40.98s_activity.jpg to /var/folders/bv/k2ssltk963x1354tz73ncnrr0000gp/T/upload_wi8g6lk5/output
2025-10-14 13:00:08.664 | DEBUG    | app.controllers.ui_controller:_progress:153 - [Flask] progress jid=6ec97ee227f54904aa6f1501cec3b068 42/61
2025-10-14 13:00:08.953 | DEBUG    | app.utils.debug_overlay:save_debug_overlay:40 - [debug_overlay] saved /var/folders/bv/k2ssltk963x1354tz73ncnrr0000gp/T/upload_wi8g6lk5/output/debug/frame_000042_41.98s_debug.jpg
2025-10-14 13:00:08.955 | DEBUG    | app.utils.annotate:annotate_and_save:34 - [annotate] saved frame_000042_41.98s_activity.jpg to /var/folders/bv/k2ssltk963x1354tz73ncnrr0000gp/T/upload_wi8g6lk5/output
2025-10-14 13:00:08.956 | DEBUG    | app.controllers.ui_controller:_progress:153 - [Flask] progress jid=6ec97ee227f54904aa6f1501cec3b068 43/61
2025-10-14 13:00:09.112 | INFO     | logging:callHandlers:1762 - 172.9.28.189 - - [14/Oct/2025 13:00:09] "GET /progress/6ec97ee227f54904aa6f1501cec3b068 HTTP/1.1" 200 -
2025-10-14 13:00:09.211 | DEBUG    | app.utils.debug_overlay:save_debug_overlay:40 - [debug_overlay] saved /var/folders/bv/k2ssltk963x1354tz73ncnrr0000gp/T/upload_wi8g6lk5/output/debug/frame_000043_42.98s_debug.jpg
2025-10-14 13:00:09.213 | DEBUG    | app.utils.annotate:annotate_and_save:34 - [annotate] saved frame_000043_42.98s_activity.jpg to /var/folders/bv/k2ssltk963x1354tz73ncnrr0000gp/T/upload_wi8g6lk5/output
2025-10-14 13:00:09.213 | DEBUG    | app.controllers.ui_controller:_progress:153 - [Flask] progress jid=6ec97ee227f54904aa6f1501cec3b068 44/61
2025-10-14 13:00:09.453 | DEBUG    | app.utils.debug_overlay:save_debug_overlay:40 - [debug_overlay] saved /var/folders/bv/k2ssltk963x1354tz73ncnrr0000gp/T/upload_wi8g6lk5/output/debug/frame_000044_43.98s_debug.jpg
2025-10-14 13:00:09.455 | DEBUG    | app.utils.annotate:annotate_and_save:34 - [annotate] saved frame_000044_43.98s_activity.jpg to /var/folders/bv/k2ssltk963x1354tz73ncnrr0000gp/T/upload_wi8g6lk5/output
2025-10-14 13:00:09.456 | DEBUG    | app.controllers.ui_controller:_progress:153 - [Flask] progress jid=6ec97ee227f54904aa6f1501cec3b068 45/61
2025-10-14 13:00:09.710 | DEBUG    | app.utils.debug_overlay:save_debug_overlay:40 - [debug_overlay] saved /var/folders/bv/k2ssltk963x1354tz73ncnrr0000gp/T/upload_wi8g6lk5/output/debug/frame_000045_44.98s_debug.jpg
2025-10-14 13:00:09.712 | DEBUG    | app.utils.annotate:annotate_and_save:34 - [annotate] saved frame_000045_44.98s_activity.jpg to /var/folders/bv/k2ssltk963x1354tz73ncnrr0000gp/T/upload_wi8g6lk5/output
2025-10-14 13:00:09.712 | DEBUG    | app.controllers.ui_controller:_progress:153 - [Flask] progress jid=6ec97ee227f54904aa6f1501cec3b068 46/61
2025-10-14 13:00:09.951 | DEBUG    | app.utils.debug_overlay:save_debug_overlay:40 - [debug_overlay] saved /var/folders/bv/k2ssltk963x1354tz73ncnrr0000gp/T/upload_wi8g6lk5/output/debug/frame_000046_45.98s_debug.jpg
2025-10-14 13:00:09.953 | DEBUG    | app.utils.annotate:annotate_and_save:34 - [annotate] saved frame_000046_45.98s_activity.jpg to /var/folders/bv/k2ssltk963x1354tz73ncnrr0000gp/T/upload_wi8g6lk5/output
2025-10-14 13:00:09.953 | DEBUG    | app.controllers.ui_controller:_progress:153 - [Flask] progress jid=6ec97ee227f54904aa6f1501cec3b068 47/61
2025-10-14 13:00:10.170 | DEBUG    | app.utils.debug_overlay:save_debug_overlay:40 - [debug_overlay] saved /var/folders/bv/k2ssltk963x1354tz73ncnrr0000gp/T/upload_wi8g6lk5/output/debug/frame_000047_46.98s_debug.jpg
2025-10-14 13:00:10.172 | DEBUG    | app.utils.annotate:annotate_and_save:34 - [annotate] saved frame_000047_46.98s_activity.jpg to /var/folders/bv/k2ssltk963x1354tz73ncnrr0000gp/T/upload_wi8g6lk5/output
2025-10-14 13:00:10.172 | DEBUG    | app.controllers.ui_controller:_progress:153 - [Flask] progress jid=6ec97ee227f54904aa6f1501cec3b068 48/61
2025-10-14 13:00:10.387 | DEBUG    | app.utils.debug_overlay:save_debug_overlay:40 - [debug_overlay] saved /var/folders/bv/k2ssltk963x1354tz73ncnrr0000gp/T/upload_wi8g6lk5/output/debug/frame_000048_47.98s_debug.jpg
2025-10-14 13:00:10.389 | DEBUG    | app.utils.annotate:annotate_and_save:34 - [annotate] saved frame_000048_47.98s_activity.jpg to /var/folders/bv/k2ssltk963x1354tz73ncnrr0000gp/T/upload_wi8g6lk5/output
2025-10-14 13:00:10.390 | DEBUG    | app.controllers.ui_controller:_progress:153 - [Flask] progress jid=6ec97ee227f54904aa6f1501cec3b068 49/61
2025-10-14 13:00:10.608 | DEBUG    | app.utils.debug_overlay:save_debug_overlay:40 - [debug_overlay] saved /var/folders/bv/k2ssltk963x1354tz73ncnrr0000gp/T/upload_wi8g6lk5/output/debug/frame_000049_48.98s_debug.jpg
2025-10-14 13:00:10.610 | DEBUG    | app.utils.annotate:annotate_and_save:34 - [annotate] saved frame_000049_48.98s_activity.jpg to /var/folders/bv/k2ssltk963x1354tz73ncnrr0000gp/T/upload_wi8g6lk5/output
2025-10-14 13:00:10.610 | DEBUG    | app.controllers.ui_controller:_progress:153 - [Flask] progress jid=6ec97ee227f54904aa6f1501cec3b068 50/61
2025-10-14 13:00:10.865 | DEBUG    | app.utils.debug_overlay:save_debug_overlay:40 - [debug_overlay] saved /var/folders/bv/k2ssltk963x1354tz73ncnrr0000gp/T/upload_wi8g6lk5/output/debug/frame_000050_49.98s_debug.jpg
2025-10-14 13:00:10.867 | DEBUG    | app.utils.annotate:annotate_and_save:34 - [annotate] saved frame_000050_49.98s_activity.jpg to /var/folders/bv/k2ssltk963x1354tz73ncnrr0000gp/T/upload_wi8g6lk5/output
2025-10-14 13:00:10.867 | DEBUG    | app.controllers.ui_controller:_progress:153 - [Flask] progress jid=6ec97ee227f54904aa6f1501cec3b068 51/61
2025-10-14 13:00:11.037 | INFO     | logging:callHandlers:1762 - 172.9.28.189 - - [14/Oct/2025 13:00:11] "GET /progress/6ec97ee227f54904aa6f1501cec3b068 HTTP/1.1" 200 -
2025-10-14 13:00:11.090 | DEBUG    | app.utils.debug_overlay:save_debug_overlay:40 - [debug_overlay] saved /var/folders/bv/k2ssltk963x1354tz73ncnrr0000gp/T/upload_wi8g6lk5/output/debug/frame_000051_50.98s_debug.jpg
2025-10-14 13:00:11.092 | DEBUG    | app.utils.annotate:annotate_and_save:34 - [annotate] saved frame_000051_50.98s_activity.jpg to /var/folders/bv/k2ssltk963x1354tz73ncnrr0000gp/T/upload_wi8g6lk5/output
2025-10-14 13:00:11.093 | DEBUG    | app.controllers.ui_controller:_progress:153 - [Flask] progress jid=6ec97ee227f54904aa6f1501cec3b068 52/61
2025-10-14 13:00:11.311 | DEBUG    | app.utils.debug_overlay:save_debug_overlay:40 - [debug_overlay] saved /var/folders/bv/k2ssltk963x1354tz73ncnrr0000gp/T/upload_wi8g6lk5/output/debug/frame_000052_51.98s_debug.jpg
2025-10-14 13:00:11.313 | DEBUG    | app.utils.annotate:annotate_and_save:34 - [annotate] saved frame_000052_51.98s_activity.jpg to /var/folders/bv/k2ssltk963x1354tz73ncnrr0000gp/T/upload_wi8g6lk5/output
2025-10-14 13:00:11.314 | DEBUG    | app.controllers.ui_controller:_progress:153 - [Flask] progress jid=6ec97ee227f54904aa6f1501cec3b068 53/61
2025-10-14 13:00:11.559 | DEBUG    | app.utils.debug_overlay:save_debug_overlay:40 - [debug_overlay] saved /var/folders/bv/k2ssltk963x1354tz73ncnrr0000gp/T/upload_wi8g6lk5/output/debug/frame_000053_52.98s_debug.jpg
2025-10-14 13:00:11.562 | DEBUG    | app.utils.annotate:annotate_and_save:34 - [annotate] saved frame_000053_52.98s_activity.jpg to /var/folders/bv/k2ssltk963x1354tz73ncnrr0000gp/T/upload_wi8g6lk5/output
2025-10-14 13:00:11.562 | DEBUG    | app.controllers.ui_controller:_progress:153 - [Flask] progress jid=6ec97ee227f54904aa6f1501cec3b068 54/61
2025-10-14 13:00:11.767 | DEBUG    | app.utils.debug_overlay:save_debug_overlay:40 - [debug_overlay] saved /var/folders/bv/k2ssltk963x1354tz73ncnrr0000gp/T/upload_wi8g6lk5/output/debug/frame_000054_53.98s_debug.jpg
2025-10-14 13:00:11.769 | DEBUG    | app.utils.annotate:annotate_and_save:34 - [annotate] saved frame_000054_53.98s_activity.jpg to /var/folders/bv/k2ssltk963x1354tz73ncnrr0000gp/T/upload_wi8g6lk5/output
2025-10-14 13:00:11.770 | DEBUG    | app.controllers.ui_controller:_progress:153 - [Flask] progress jid=6ec97ee227f54904aa6f1501cec3b068 55/61
2025-10-14 13:00:11.992 | DEBUG    | app.utils.debug_overlay:save_debug_overlay:40 - [debug_overlay] saved /var/folders/bv/k2ssltk963x1354tz73ncnrr0000gp/T/upload_wi8g6lk5/output/debug/frame_000055_54.98s_debug.jpg
2025-10-14 13:00:11.994 | DEBUG    | app.utils.annotate:annotate_and_save:34 - [annotate] saved frame_000055_54.98s_activity.jpg to /var/folders/bv/k2ssltk963x1354tz73ncnrr0000gp/T/upload_wi8g6lk5/output
2025-10-14 13:00:11.994 | DEBUG    | app.controllers.ui_controller:_progress:153 - [Flask] progress jid=6ec97ee227f54904aa6f1501cec3b068 56/61
2025-10-14 13:00:12.209 | DEBUG    | app.utils.debug_overlay:save_debug_overlay:40 - [debug_overlay] saved /var/folders/bv/k2ssltk963x1354tz73ncnrr0000gp/T/upload_wi8g6lk5/output/debug/frame_000056_55.98s_debug.jpg
2025-10-14 13:00:12.211 | DEBUG    | app.utils.annotate:annotate_and_save:34 - [annotate] saved frame_000056_55.98s_activity.jpg to /var/folders/bv/k2ssltk963x1354tz73ncnrr0000gp/T/upload_wi8g6lk5/output
2025-10-14 13:00:12.211 | DEBUG    | app.controllers.ui_controller:_progress:153 - [Flask] progress jid=6ec97ee227f54904aa6f1501cec3b068 57/61
2025-10-14 13:00:12.428 | DEBUG    | app.utils.debug_overlay:save_debug_overlay:40 - [debug_overlay] saved /var/folders/bv/k2ssltk963x1354tz73ncnrr0000gp/T/upload_wi8g6lk5/output/debug/frame_000057_56.98s_debug.jpg
2025-10-14 13:00:12.429 | DEBUG    | app.utils.annotate:annotate_and_save:34 - [annotate] saved frame_000057_56.98s_activity.jpg to /var/folders/bv/k2ssltk963x1354tz73ncnrr0000gp/T/upload_wi8g6lk5/output
2025-10-14 13:00:12.430 | DEBUG    | app.controllers.ui_controller:_progress:153 - [Flask] progress jid=6ec97ee227f54904aa6f1501cec3b068 58/61
2025-10-14 13:00:12.643 | DEBUG    | app.utils.debug_overlay:save_debug_overlay:40 - [debug_overlay] saved /var/folders/bv/k2ssltk963x1354tz73ncnrr0000gp/T/upload_wi8g6lk5/output/debug/frame_000058_57.98s_debug.jpg
2025-10-14 13:00:12.645 | DEBUG    | app.utils.annotate:annotate_and_save:34 - [annotate] saved frame_000058_57.98s_activity.jpg to /var/folders/bv/k2ssltk963x1354tz73ncnrr0000gp/T/upload_wi8g6lk5/output
2025-10-14 13:00:12.646 | DEBUG    | app.controllers.ui_controller:_progress:153 - [Flask] progress jid=6ec97ee227f54904aa6f1501cec3b068 59/61
2025-10-14 13:00:12.857 | DEBUG    | app.utils.debug_overlay:save_debug_overlay:40 - [debug_overlay] saved /var/folders/bv/k2ssltk963x1354tz73ncnrr0000gp/T/upload_wi8g6lk5/output/debug/frame_000059_58.98s_debug.jpg
2025-10-14 13:00:12.858 | DEBUG    | app.utils.annotate:annotate_and_save:34 - [annotate] saved frame_000059_58.98s_activity.jpg to /var/folders/bv/k2ssltk963x1354tz73ncnrr0000gp/T/upload_wi8g6lk5/output
2025-10-14 13:00:12.859 | DEBUG    | app.controllers.ui_controller:_progress:153 - [Flask] progress jid=6ec97ee227f54904aa6f1501cec3b068 60/61
2025-10-14 13:00:13.037 | INFO     | logging:callHandlers:1762 - 172.9.28.189 - - [14/Oct/2025 13:00:13] "GET /progress/6ec97ee227f54904aa6f1501cec3b068 HTTP/1.1" 200 -
2025-10-14 13:00:13.074 | DEBUG    | app.utils.debug_overlay:save_debug_overlay:40 - [debug_overlay] saved /var/folders/bv/k2ssltk963x1354tz73ncnrr0000gp/T/upload_wi8g6lk5/output/debug/frame_000060_59.98s_debug.jpg
2025-10-14 13:00:13.076 | DEBUG    | app.utils.annotate:annotate_and_save:34 - [annotate] saved frame_000060_59.98s_activity.jpg to /var/folders/bv/k2ssltk963x1354tz73ncnrr0000gp/T/upload_wi8g6lk5/output
2025-10-14 13:00:13.076 | DEBUG    | app.controllers.ui_controller:_progress:153 - [Flask] progress jid=6ec97ee227f54904aa6f1501cec3b068 61/61
2025-10-14 13:00:13.086 | DEBUG    | app.utils.video_utils:sample_video_frames:31 - [video_utils] completed sampling for /var/folders/bv/k2ssltk963x1354tz73ncnrr0000gp/T/upload_wi8g6lk5/input.mp4
2025-10-14 13:00:13.086 | INFO     | app.services.pipeline_service:process_video:830 - [Pipeline] Processed 61 sampled frames from input.mp4 (sample_fps=1, duration=00:01:00)
2025-10-14 13:00:13.087 | DEBUG    | app.controllers.ui_controller:_progress:153 - [Flask] progress jid=6ec97ee227f54904aa6f1501cec3b068 61/61
2025-10-14 13:00:13.148 | INFO     | app.controllers.ui_controller:_run_job:173 - [Flask] Persisted activity assets to /Users/satishvanga/Documents/Vanga/POC_2/output/20251014_130013
2025-10-14 13:00:13.148 | INFO     | app.controllers.ui_controller:_run_job:181 - [Flask] Found 1 events
2025-10-14 13:00:15.038 | INFO     | logging:callHandlers:1762 - 172.9.28.189 - - [14/Oct/2025 13:00:15] "GET /progress/6ec97ee227f54904aa6f1501cec3b068 HTTP/1.1" 200 -
2025-10-14 13:00:15.048 | INFO     | logging:callHandlers:1762 - 172.9.28.189 - - [14/Oct/2025 13:00:15] "GET /results/6ec97ee227f54904aa6f1501cec3b068 HTTP/1.1" 200 -
2025-10-14 13:01:04.485 | INFO     | logging:callHandlers:1762 - 172.9.28.189 - - [14/Oct/2025 13:01:04] "[35m[1mGET /media/6ec97ee227f54904aa6f1501cec3b068/frame_000004_4.00s_activity.mp4 HTTP/1.1[0m" 206 -
